0 info it worked if it ends with ok
1 verbose cli [ '/usr/local/bin/node', '/usr/local/bin/npm', 'publish' ]
2 info using npm@2.14.12
3 info using node@v4.3.1
4 verbose publish [ '.' ]
5 silly cache add args [ '.', null ]
6 verbose cache add spec .
7 silly cache add parsed spec Result {
7 silly cache add   raw: '.',
7 silly cache add   scope: null,
7 silly cache add   name: null,
7 silly cache add   rawSpec: '.',
7 silly cache add   spec: '/Users/neerajareddy/handsOn/nodeJS/censorify',
7 silly cache add   type: 'directory' }
8 verbose addLocalDirectory /Users/neerajareddy/.npm/censortext/0.0.1/package.tgz not in flight; packing
9 verbose tar pack [ '/Users/neerajareddy/.npm/censortext/0.0.1/package.tgz',
9 verbose tar pack   '/Users/neerajareddy/handsOn/nodeJS/censorify' ]
10 verbose tarball /Users/neerajareddy/.npm/censortext/0.0.1/package.tgz
11 verbose folder /Users/neerajareddy/handsOn/nodeJS/censorify
12 info prepublish censortext@0.0.1
13 verbose addLocalTarball adding from inside cache /Users/neerajareddy/.npm/censortext/0.0.1/package.tgz
14 silly cache afterAdd censortext@0.0.1
15 verbose afterAdd /Users/neerajareddy/.npm/censortext/0.0.1/package/package.json not in flight; writing
16 verbose afterAdd /Users/neerajareddy/.npm/censortext/0.0.1/package/package.json written
17 silly publish { name: 'censortext',
17 silly publish   author: { name: 'SKR' },
17 silly publish   version: '0.0.1',
17 silly publish   description: 'Censors the words identified from the string passed',
17 silly publish   main: 'censortext',
17 silly publish   dependencies: {},
17 silly publish   engines: { node: '*' },
17 silly publish   readme: 'This is the readme file for the Censor Text node module.',
17 silly publish   readmeFilename: 'README.md',
17 silly publish   _id: 'censortext@0.0.1',
17 silly publish   scripts: {},
17 silly publish   _shasum: '94e32fdfe23d89377fd2d2d1513c9fd91d832a54',
17 silly publish   _from: '../../Users/neerajareddy/handsOn/nodeJS/censorify',
17 silly publish   _resolved: 'file:../../Users/neerajareddy/handsOn/nodeJS/censorify' }
18 verbose getPublishConfig undefined
19 silly mapToRegistry name censortext
20 silly mapToRegistry using default registry
21 silly mapToRegistry registry https://registry.npmjs.org/
22 silly mapToRegistry uri https://registry.npmjs.org/censortext
23 verbose publish registryBase https://registry.npmjs.org/
24 silly publish uploading /Users/neerajareddy/.npm/censortext/0.0.1/package.tgz
25 verbose stack Error: auth required for publishing
25 verbose stack     at CachingRegistryClient.publish (/usr/local/lib/node_modules/npm/node_modules/npm-registry-client/lib/publish.js:30:14)
25 verbose stack     at /usr/local/lib/node_modules/npm/lib/publish.js:134:14
25 verbose stack     at mapToRegistry (/usr/local/lib/node_modules/npm/lib/utils/map-to-registry.js:55:3)
25 verbose stack     at publish_ (/usr/local/lib/node_modules/npm/lib/publish.js:104:3)
25 verbose stack     at Array.<anonymous> (/usr/local/lib/node_modules/npm/node_modules/slide/lib/bind-actor.js:15:8)
25 verbose stack     at LOOP (/usr/local/lib/node_modules/npm/node_modules/slide/lib/chain.js:15:14)
25 verbose stack     at LOOP (/usr/local/lib/node_modules/npm/node_modules/slide/lib/chain.js:14:28)
25 verbose stack     at chain (/usr/local/lib/node_modules/npm/node_modules/slide/lib/chain.js:20:5)
25 verbose stack     at /usr/local/lib/node_modules/npm/lib/publish.js:73:5
25 verbose stack     at RES (/usr/local/lib/node_modules/npm/node_modules/inflight/inflight.js:23:14)
26 verbose cwd /Users/neerajareddy/handsOn/nodeJS/censorify
27 error Darwin 14.0.0
28 error argv "/usr/local/bin/node" "/usr/local/bin/npm" "publish"
29 error node v4.3.1
30 error npm  v2.14.12
31 error code ENEEDAUTH
32 error need auth auth required for publishing
32 error need auth You need to authorize this machine using `npm adduser`
33 verbose exit [ 1, true ]
